This is pdfTeX, Version 3.141592653-2.6-1.40.24 (MiKTeX 22.1) (preloaded format=pdflatex 2023.4.4)  4 SEP 2023 18:30
entering extended mode
 restricted \write18 enabled.
 %&-line parsing enabled.
**./document.tex
(document.tex
LaTeX2e <2022-11-01> patch level 1
L3 programming layer <2023-02-22>
(/Users/matteofranchini/Library/Application Support/MiKTeX/texmfs/install/tex/l
atex/base/article.cls
Document Class: article 2022/07/02 v1.4n Standard LaTeX document class

(/Users/matteofranchini/Library/Application Support/MiKTeX/texmfs/install/tex/l
atex/base/size12.clo
File: size12.clo 2022/07/02 v1.4n Standard LaTeX file (size option)
)
\c@part=\count185
\c@section=\count186
\c@subsection=\count187
\c@subsubsection=\count188
\c@paragraph=\count189
\c@subparagraph=\count190
\c@figure=\count191
\c@table=\count192
\abovecaptionskip=\skip48
\belowcaptionskip=\skip49
\bibindent=\dimen140
)
(/Users/matteofranchini/Library/Application Support/MiKTeX/texmfs/install/tex/l
atex/base/inputenc.sty
Package: inputenc 2021/02/14 v1.3d Input encoding file
\inpenc@prehook=\toks16
\inpenc@posthook=\toks17
)
(/Users/matteofranchini/Library/Application Support/MiKTeX/texmfs/install/tex/l
atex/base/fontenc.sty
Package: fontenc 2021/04/29 v2.0v Standard LaTeX package
)
(/Users/matteofranchini/Library/Application Support/MiKTeX/texmfs/install/tex/l
atex/listings/listings.sty
(/Users/matteofranchini/Library/Application Support/MiKTeX/texmfs/install/tex/l
atex/graphics/keyval.sty
Package: keyval 2022/05/29 v1.15 key=value parser (DPC)
\KV@toks@=\toks18
)
\lst@mode=\count193
\lst@gtempboxa=\box51
\lst@token=\toks19
\lst@length=\count194
\lst@currlwidth=\dimen141
\lst@column=\count195
\lst@pos=\count196
\lst@lostspace=\dimen142
\lst@width=\dimen143
\lst@newlines=\count197
\lst@lineno=\count198
\lst@maxwidth=\dimen144

(/Users/matteofranchini/Library/Application Support/MiKTeX/texmfs/install/tex/l
atex/listings/lstmisc.sty
File: lstmisc.sty 2023/02/27 1.9 (Carsten Heinz)
\c@lstnumber=\count199
\lst@skipnumbers=\count266
\lst@framebox=\box52
)
(/Users/matteofranchini/Library/Application Support/MiKTeX/texmfs/install/tex/l
atex/listings/listings.cfg
File: listings.cfg 2023/02/27 1.9 listings configuration
))
Package: listings 2023/02/27 1.9 (Carsten Heinz)

(/Users/matteofranchini/Library/Application Support/MiKTeX/texmfs/install/tex/g
eneric/babel/babel.sty
Package: babel 2023/02/13 3.86 The Babel package
\babel@savecnt=\count267
\U@D=\dimen145
\l@unhyphenated=\language79

(/Users/matteofranchini/Library/Application Support/MiKTeX/texmfs/install/tex/g
eneric/babel/txtbabel.def)
\bbl@readstream=\read2
\bbl@dirlevel=\count268

*************************************
* Local config file bblopts.cfg used
*

(/Users/matteofranchini/Library/Application Support/MiKTeX/texmfs/install/tex/l
atex/arabi/bblopts.cfg
File: bblopts.cfg 2005/09/08 v0.1 add Arabic and Farsi to "declared" options of
 babel
)
(/Users/matteofranchini/Library/Application Support/MiKTeX/texmfs/install/tex/l
atex/babel-italian/italian.ldf
Language: italian 2022/03/27 v.1.4.07 Italian support for the babel system
\it@lettering=\count269
\it@doublequoteactive=\count270
\it@ISOcompliance=\count271
))
(/Users/matteofranchini/Library/Application Support/MiKTeX/texmfs/install/tex/g
eneric/babel/locale/it/babel-italian.tex
Package babel Info: Importing font and identification data for italian
(babel)             from babel-it.ini. Reported on input line 11.
)
(/Users/matteofranchini/Library/Application Support/MiKTeX/texmfs/install/tex/l
atex/etoolbox/etoolbox.sty
Package: etoolbox 2020/10/05 v2.5k e-TeX tools for LaTeX (JAW)
\etb@tempcnta=\count272
)
(/Users/matteofranchini/Library/Application Support/MiKTeX/texmfs/install/tex/l
atex/hyperref/hyperref.sty
Package: hyperref 2023-02-07 v7.00v Hypertext links for LaTeX

(/Users/matteofranchini/Library/Application Support/MiKTeX/texmfs/install/tex/g
eneric/ltxcmds/ltxcmds.sty
Package: ltxcmds 2020-05-10 v1.25 LaTeX kernel commands for general use (HO)
)
(/Users/matteofranchini/Library/Application Support/MiKTeX/texmfs/install/tex/g
eneric/iftex/iftex.sty
Package: iftex 2020/03/06 v1.0d TeX engine tests
)
(/Users/matteofranchini/Library/Application Support/MiKTeX/texmfs/install/tex/g
eneric/pdftexcmds/pdftexcmds.sty
Package: pdftexcmds 2020-06-27 v0.33 Utility functions of pdfTeX for LuaTeX (HO
)

(/Users/matteofranchini/Library/Application Support/MiKTeX/texmfs/install/tex/g
eneric/infwarerr/infwarerr.sty
Package: infwarerr 2019/12/03 v1.5 Providing info/warning/error messages (HO)
)
Package pdftexcmds Info: \pdf@primitive is available.
Package pdftexcmds Info: \pdf@ifprimitive is available.
Package pdftexcmds Info: \pdfdraftmode found.
)
(/Users/matteofranchini/Library/Application Support/MiKTeX/texmfs/install/tex/l
atex/kvsetkeys/kvsetkeys.sty
Package: kvsetkeys 2022-10-05 v1.19 Key value parser (HO)
)
(/Users/matteofranchini/Library/Application Support/MiKTeX/texmfs/install/tex/g
eneric/kvdefinekeys/kvdefinekeys.sty
Package: kvdefinekeys 2019-12-19 v1.6 Define keys (HO)
)
(/Users/matteofranchini/Library/Application Support/MiKTeX/texmfs/install/tex/g
eneric/pdfescape/pdfescape.sty
Package: pdfescape 2019/12/09 v1.15 Implements pdfTeX's escape features (HO)
)
(/Users/matteofranchini/Library/Application Support/MiKTeX/texmfs/install/tex/l
atex/hycolor/hycolor.sty
Package: hycolor 2020-01-27 v1.10 Color options for hyperref/bookmark (HO)
)
(/Users/matteofranchini/Library/Application Support/MiKTeX/texmfs/install/tex/l
atex/letltxmacro/letltxmacro.sty
Package: letltxmacro 2019/12/03 v1.6 Let assignment for LaTeX macros (HO)
)
(/Users/matteofranchini/Library/Application Support/MiKTeX/texmfs/install/tex/l
atex/auxhook/auxhook.sty
Package: auxhook 2019-12-17 v1.6 Hooks for auxiliary files (HO)
)
(/Users/matteofranchini/Library/Application Support/MiKTeX/texmfs/install/tex/l
atex/hyperref/nameref.sty
Package: nameref 2022-05-17 v2.50 Cross-referencing by name of section

(/Users/matteofranchini/Library/Application Support/MiKTeX/texmfs/install/tex/l
atex/refcount/refcount.sty
Package: refcount 2019/12/15 v3.6 Data extraction from label references (HO)
)
(/Users/matteofranchini/Library/Application Support/MiKTeX/texmfs/install/tex/g
eneric/gettitlestring/gettitlestring.sty
Package: gettitlestring 2019/12/15 v1.6 Cleanup title references (HO)

(/Users/matteofranchini/Library/Application Support/MiKTeX/texmfs/install/tex/l
atex/kvoptions/kvoptions.sty
Package: kvoptions 2022-06-15 v3.15 Key value format for package options (HO)
))
\c@section@level=\count273
)
\@linkdim=\dimen146
\Hy@linkcounter=\count274
\Hy@pagecounter=\count275

(/Users/matteofranchini/Library/Application Support/MiKTeX/texmfs/install/tex/l
atex/hyperref/pd1enc.def
File: pd1enc.def 2023-02-07 v7.00v Hyperref: PDFDocEncoding definition (HO)
Now handling font encoding PD1 ...
... no UTF-8 mapping file for font encoding PD1
)
(/Users/matteofranchini/Library/Application Support/MiKTeX/texmfs/install/tex/g
eneric/intcalc/intcalc.sty
Package: intcalc 2019/12/15 v1.3 Expandable calculations with integers (HO)
)
(/Users/matteofranchini/Library/Application Support/MiKTeX/texmfs/install/tex/g
eneric/etexcmds/etexcmds.sty
Package: etexcmds 2019/12/15 v1.7 Avoid name clashes with e-TeX commands (HO)
)
\Hy@SavedSpaceFactor=\count276

(/Users/matteofranchini/Library/Application Support/MiKTeX/texmfs/install/tex/l
atex/hyperref/puenc.def
File: puenc.def 2023-02-07 v7.00v Hyperref: PDF Unicode definition (HO)
Now handling font encoding PU ...
... no UTF-8 mapping file for font encoding PU
)
Package hyperref Info: Hyper figures OFF on input line 4177.
Package hyperref Info: Link nesting OFF on input line 4182.
Package hyperref Info: Hyper index ON on input line 4185.
Package hyperref Info: Plain pages OFF on input line 4192.
Package hyperref Info: Backreferencing OFF on input line 4197.
Package hyperref Info: Implicit mode ON; LaTeX internals redefined.
Package hyperref Info: Bookmarks ON on input line 4425.
\c@Hy@tempcnt=\count277

(/Users/matteofranchini/Library/Application Support/MiKTeX/texmfs/install/tex/l
atex/url/url.sty
\Urlmuskip=\muskip16
Package: url 2013/09/16  ver 3.4  Verb mode for urls, etc.
)
LaTeX Info: Redefining \url on input line 4763.
\XeTeXLinkMargin=\dimen147

(/Users/matteofranchini/Library/Application Support/MiKTeX/texmfs/install/tex/g
eneric/bitset/bitset.sty
Package: bitset 2019/12/09 v1.3 Handle bit-vector datatype (HO)

(/Users/matteofranchini/Library/Application Support/MiKTeX/texmfs/install/tex/g
eneric/bigintcalc/bigintcalc.sty
Package: bigintcalc 2019/12/15 v1.5 Expandable calculations on big integers (HO
)
))
\Fld@menulength=\count278
\Field@Width=\dimen148
\Fld@charsize=\dimen149
Package hyperref Info: Hyper figures OFF on input line 6042.
Package hyperref Info: Link nesting OFF on input line 6047.
Package hyperref Info: Hyper index ON on input line 6050.
Package hyperref Info: backreferencing OFF on input line 6057.
Package hyperref Info: Link coloring OFF on input line 6062.
Package hyperref Info: Link coloring with OCG OFF on input line 6067.
Package hyperref Info: PDF/A mode OFF on input line 6072.

(/Users/matteofranchini/Library/Application Support/MiKTeX/texmfs/install/tex/l
atex/base/atbegshi-ltx.sty
Package: atbegshi-ltx 2021/01/10 v1.0c Emulation of the original atbegshi
package with kernel methods
)
\Hy@abspage=\count279
\c@Item=\count280
\c@Hfootnote=\count281
)
Package hyperref Info: Driver (autodetected): hpdftex.

(/Users/matteofranchini/Library/Application Support/MiKTeX/texmfs/install/tex/l
atex/hyperref/hpdftex.def
File: hpdftex.def 2023-02-07 v7.00v Hyperref driver for pdfTeX

(/Users/matteofranchini/Library/Application Support/MiKTeX/texmfs/install/tex/l
atex/base/atveryend-ltx.sty
Package: atveryend-ltx 2020/08/19 v1.0a Emulation of the original atveryend pac
kage
with kernel methods
)
\Fld@listcount=\count282
\c@bookmark@seq@number=\count283

(/Users/matteofranchini/Library/Application Support/MiKTeX/texmfs/install/tex/l
atex/rerunfilecheck/rerunfilecheck.sty
Package: rerunfilecheck 2022-07-10 v1.10 Rerun checks for auxiliary files (HO)

(/Users/matteofranchini/Library/Application Support/MiKTeX/texmfs/install/tex/g
eneric/uniquecounter/uniquecounter.sty
Package: uniquecounter 2019/12/15 v1.4 Provide unlimited unique counter (HO)
)
Package uniquecounter Info: New unique counter `rerunfilecheck' on input line 2
85.
)
\Hy@SectionHShift=\skip50
)
(/Users/matteofranchini/Library/Application Support/MiKTeX/texmfs/install/tex/l
atex/graphics/graphicx.sty
Package: graphicx 2021/09/16 v1.2d Enhanced LaTeX Graphics (DPC,SPQR)

(/Users/matteofranchini/Library/Application Support/MiKTeX/texmfs/install/tex/l
atex/graphics/graphics.sty
Package: graphics 2022/03/10 v1.4e Standard LaTeX Graphics (DPC,SPQR)

(/Users/matteofranchini/Library/Application Support/MiKTeX/texmfs/install/tex/l
atex/graphics/trig.sty
Package: trig 2021/08/11 v1.11 sin cos tan (DPC)
)
(/Users/matteofranchini/Library/Application Support/MiKTeX/texmfs/install/tex/l
atex/graphics-cfg/graphics.cfg
File: graphics.cfg 2016/06/04 v1.11 sample graphics configuration
)
Package graphics Info: Driver file: pdftex.def on input line 107.

(/Users/matteofranchini/Library/Application Support/MiKTeX/texmfs/install/tex/l
atex/graphics-def/pdftex.def
File: pdftex.def 2022/09/22 v1.2b Graphics/color driver for pdftex
))
\Gin@req@height=\dimen150
\Gin@req@width=\dimen151
)
(/Users/matteofranchini/Library/Application Support/MiKTeX/texmfs/install/tex/l
atex/titling/titling.sty
Package: titling 2009/09/04 v2.1d maketitle typesetting
\thanksmarkwidth=\skip51
\thanksmargin=\skip52
\droptitle=\skip53
)
(/Users/matteofranchini/Library/Application Support/MiKTeX/texmfs/install/tex/l
atex/tocloft/tocloft.sty
Package: tocloft 2017/08/31 v2.3i parameterised ToC, etc., typesetting
Package tocloft Info: The document has section divisions on input line 51.
\cftparskip=\skip54
\cftbeforetoctitleskip=\skip55
\cftaftertoctitleskip=\skip56
\cftbeforepartskip=\skip57
\cftpartnumwidth=\skip58
\cftpartindent=\skip59
\cftbeforesecskip=\skip60
\cftsecindent=\skip61
\cftsecnumwidth=\skip62
\cftbeforesubsecskip=\skip63
\cftsubsecindent=\skip64
\cftsubsecnumwidth=\skip65
\cftbeforesubsubsecskip=\skip66
\cftsubsubsecindent=\skip67
\cftsubsubsecnumwidth=\skip68
\cftbeforeparaskip=\skip69
\cftparaindent=\skip70
\cftparanumwidth=\skip71
\cftbeforesubparaskip=\skip72
\cftsubparaindent=\skip73
\cftsubparanumwidth=\skip74
\cftbeforeloftitleskip=\skip75
\cftafterloftitleskip=\skip76
\cftbeforefigskip=\skip77
\cftfigindent=\skip78
\cftfignumwidth=\skip79
\c@lofdepth=\count284
\c@lotdepth=\count285
\cftbeforelottitleskip=\skip80
\cftafterlottitleskip=\skip81
\cftbeforetabskip=\skip82
\cfttabindent=\skip83
\cfttabnumwidth=\skip84
)
(/Users/matteofranchini/Library/Application Support/MiKTeX/texmfs/install/tex/l
atex/l3backend/l3backend-pdftex.def
File: l3backend-pdftex.def 2023-01-16 L3 backend support: PDF output (pdfTeX)
\l__color_backend_stack_int=\count286
\l__pdf_internal_box=\box53
) (document.aux)
\openout1 = `document.aux'.

LaTeX Font Info:    Checking defaults for OML/cmm/m/it on input line 19.
LaTeX Font Info:    ... okay on input line 19.
LaTeX Font Info:    Checking defaults for OMS/cmsy/m/n on input line 19.
LaTeX Font Info:    ... okay on input line 19.
LaTeX Font Info:    Checking defaults for OT1/cmr/m/n on input line 19.
LaTeX Font Info:    ... okay on input line 19.
LaTeX Font Info:    Checking defaults for T1/cmr/m/n on input line 19.
LaTeX Font Info:    ... okay on input line 19.
LaTeX Font Info:    Checking defaults for TS1/cmr/m/n on input line 19.
LaTeX Font Info:    ... okay on input line 19.
LaTeX Font Info:    Checking defaults for OMX/cmex/m/n on input line 19.
LaTeX Font Info:    ... okay on input line 19.
LaTeX Font Info:    Checking defaults for U/cmr/m/n on input line 19.
LaTeX Font Info:    ... okay on input line 19.
LaTeX Font Info:    Checking defaults for PD1/pdf/m/n on input line 19.
LaTeX Font Info:    ... okay on input line 19.
LaTeX Font Info:    Checking defaults for PU/pdf/m/n on input line 19.
LaTeX Font Info:    ... okay on input line 19.
\c@lstlisting=\count287
LaTeX Info: Redefining \it@ocap on input line 19.
LaTeX Info: Redefining \it@ccap on input line 19.
Package hyperref Info: Link coloring OFF on input line 19.
 (document.out)
(document.out)
\@outlinefile=\write3
\openout3 = `document.out'.


(/Users/matteofranchini/Library/Application Support/MiKTeX/texmfs/install/tex/c
ontext/base/mkii/supp-pdf.mkii
[Loading MPS to PDF converter (version 2006.09.02).]
\scratchcounter=\count288
\scratchdimen=\dimen152
\scratchbox=\box54
\nofMPsegments=\count289
\nofMParguments=\count290
\everyMPshowfont=\toks20
\MPscratchCnt=\count291
\MPscratchDim=\dimen153
\MPnumerator=\count292
\makeMPintoPDFobject=\count293
\everyMPtoPDFconversion=\toks21
)
(/Users/matteofranchini/Library/Application Support/MiKTeX/texmfs/install/tex/l
atex/epstopdf-pkg/epstopdf-base.sty
Package: epstopdf-base 2020-01-24 v2.11 Base part for package epstopdf
Package epstopdf-base Info: Redefining graphics rule for `.eps' on input line 4
85.

(/Users/matteofranchini/Library/Application Support/MiKTeX/texmfs/install/tex/l
atex/00miktex/epstopdf-sys.cfg
File: epstopdf-sys.cfg 2021/03/18 v2.0 Configuration of epstopdf for MiKTeX
)) [1

{/Users/matteofranchini/Library/Application Support/MiKTeX/texmfs/data/fonts/ma
p/pdftex/pdftex.map}] (document.toc
LaTeX Font Info:    External font `cmex10' loaded for size
(Font)              <12> on input line 3.
LaTeX Font Info:    External font `cmex10' loaded for size
(Font)              <8> on input line 3.
LaTeX Font Info:    External font `cmex10' loaded for size
(Font)              <6> on input line 3.

pdfTeX warning (ext4): destination with the same identifier (name{page.1}) has 
been already used, duplicate ignored
<to be read again> 
                   \relax 
l.38 ...\numberline {5.1}Pipe}{22}{subsection.5.1}
                                                  % [1] [2])
\tf@toc=\write4
\openout4 = `document.toc'.


Overfull \hbox (73.76376pt too wide) in paragraph at lines 43--44
[][][][][][][][][][][][][][][][][][][][][][][][][][][][][][][][][][][] 
 []

LaTeX Font Info:    Trying to load font information for T1+cmtt on input line 4
7.

(/Users/matteofranchini/Library/Application Support/MiKTeX/texmfs/install/tex/l
atex/base/t1cmtt.fd
File: t1cmtt.fd 2022/07/10 v2.5l Standard LaTeX font definitions
) [3]
Overfull \hbox (89.02773pt too wide) in paragraph at lines 63--64
[][][][][][][][][][][][][][][][][][][][][][][][][][][][][][][][][][][] 
 []


Overfull \hbox (61.09375pt too wide) in paragraph at lines 78--79
[][][][][][][][][][][][][][][][][][][] 
 []

[4]
Overfull \hbox (39.94873pt too wide) in paragraph at lines 97--98
[][][][][][][][][][][][][][][][][][][][][][][][][][][][][] 
 []


Overfull \hbox (7.09317pt too wide) in paragraph at lines 101--103
[][][]\T1/cmtt/m/n/12 flags []\T1/cmr/m/n/12 con-tie-ne il mo-do di ac-ces-so r
i-chie-sto: uno tra [][]\T1/cmtt/m/n/12 O_RDONLY[]\T1/cmr/m/n/12 , [][]\T1/cmtt
/m/n/12 O_WRONLY[]\T1/cmr/m/n/12 ,
 []

[5]
Overfull \hbox (60.70467pt too wide) in paragraph at lines 168--169
[][][][][][][][][][][][][][][][][][][][][][][][][][][][][][] 
 []

[6]
Overfull \hbox (74.93105pt too wide) in paragraph at lines 200--201
[][][][][][][][][][][][][][][][][][][][][][][][][][][][] 
 []

[7]
Overfull \hbox (81.84969pt too wide) in paragraph at lines 239--241
[][][][][][][][][][][][][][][][][][][][][][][][][] 
 []


Overfull \hbox (25.46297pt too wide) in paragraph at lines 241--243
[][][][][][][][][][][][][][][][][][][][][] 
 []

[8]
</Users/matteofranchini/Library/CloudStorage/OneDrive-Universit^^c3^^a0degliStu
didiParma/Universit^^c3^^a0/Appunti e slide/II anno/Screen slide/Screenshot 202
3-09-02 alle 15.54.32.png, id=539, 1036.87375pt x 444.66125pt>
File: /Users/matteofranchini/Library/CloudStorage/OneDrive-Universit^^c3^^a0deg
liStudidiParma/Universit^^c3^^a0/Appunti e slide/II anno/Screen slide/Screensho
t 2023-09-02 alle 15.54.32.png Graphic file (type png)
<use /Users/matteofranchini/Library/CloudStorage/OneDrive-Universit^^c3^^a0degl
iStudidiParma/Universit^^c3^^a0/Appunti e slide/II anno/Screen slide/Screenshot
 2023-09-02 alle 15.54.32.png>
Package pdftex.def Info: /Users/matteofranchini/Library/CloudStorage/OneDrive-U
niversit^^c3^^a0degliStudidiParma/Universit^^c3^^a0/Appunti e slide/II anno/Scr
een slide/Screenshot 2023-09-02 alle 15.54.32.png  used on input line 259.
(pdftex.def)             Requested size: 390.0pt x 167.24963pt.
 [9 </Users/matteofranchini/Library/CloudStorage/OneDrive-UniversitàdegliStudi
diParma/Università/Appunti e slide/II anno/Screen slide/Screenshot 2023-09-02 
alle 15.54.32.png>] [10] [11]
Overfull \hbox (66.83844pt too wide) in paragraph at lines 348--348
[]\T1/cmtt/m/n/12 int execve (const char *pathname, char *const argv[], char *c
onst envp[]);[] 
 []

[12]
Overfull \hbox (46.99707pt too wide) in paragraph at lines 386--387
[][][][][][][][][][][][][][][][][][][][][][][][][] 
 []

[13]
<../../Screen slide/Screenshot 2023-09-02 alle 16.43.16.png, id=656, 1105.12875
pt x 678.535pt>
File: ../../Screen slide/Screenshot 2023-09-02 alle 16.43.16.png Graphic file (
type png)
<use ../../Screen slide/Screenshot 2023-09-02 alle 16.43.16.png>
Package pdftex.def Info: ../../Screen slide/Screenshot 2023-09-02 alle 16.43.16
.png  used on input line 403.
(pdftex.def)             Requested size: 350.99762pt x 215.49976pt.
<../../Screen slide/Screenshot 2023-09-02 alle 16.43.26.png, id=657, 1062.97125
pt x 658.46pt>
File: ../../Screen slide/Screenshot 2023-09-02 alle 16.43.26.png Graphic file (
type png)
<use ../../Screen slide/Screenshot 2023-09-02 alle 16.43.26.png>
Package pdftex.def Info: ../../Screen slide/Screenshot 2023-09-02 alle 16.43.26
.png  used on input line 408.
(pdftex.def)             Requested size: 350.99762pt x 217.42308pt.
 [14 <../../Screen slide/Screenshot 2023-09-02 alle 16.43.16.png> <../../Screen
 slide/Screenshot 2023-09-02 alle 16.43.26.png>] [15] [16] [17]
Overfull \hbox (29.79749pt too wide) in paragraph at lines 543--543
[]\T1/cmtt/m/n/12 // segnali addizionali da bloccare prima dell'esecuzione del 
gestore[] 
 []

[18] [19]
Overfull \hbox (4.18825pt too wide) in paragraph at lines 629--630
[][][][][][][][][][][][][][][][][][][] 
 []

[20]
Overfull \hbox (4.18825pt too wide) in paragraph at lines 638--639
[][][][][][][][][][][][][][][][][][][][][][][][][] 
 []


Overfull \hbox (74.67165pt too wide) in paragraph at lines 640--641
[][][][][][][][][][][][][][][][][][][][][][][] 
 []


Overfull \hbox (18.28493pt too wide) in paragraph at lines 653--654
[][][][][][][][][][][][][][][][][][][][][][][][] 
 []


Overfull \hbox (74.67165pt too wide) in paragraph at lines 657--659
[][][][][][][][][][][][][][][][][][][] 
 []


Overfull \hbox (11.23659pt too wide) in paragraph at lines 665--666
[][][][][][][][][][][][][][][][][][][][][][][][] 
 []


Overfull \hbox (67.6233pt too wide) in paragraph at lines 667--668
[][][][][][][][][][][][][][][][][][][] 
 []

[21]
Overfull \hbox (11.75537pt too wide) in paragraph at lines 705--707
[][][][][][][][][][][][][][][][][][][][] 
 []

[22]
Overfull \hbox (11.75537pt too wide) in paragraph at lines 715--716
[][][][][][][][][][][][][][][][][][] 
 []


Overfull \hbox (25.85205pt too wide) in paragraph at lines 716--717
[][][][][][][][][][][][][][][][] 
 []


Overfull \hbox (25.85205pt too wide) in paragraph at lines 725--726
[][][][][][][][][][][][][][][][][][][][][][][] 
 []


Overfull \hbox (18.80371pt too wide) in paragraph at lines 730--731
[][][][][][][][][][][][][][][][][][] 
 []

[23]
<../../Screen slide/Screenshot 2023-09-04 alle 15.37.31.png, id=904, 514.92375p
t x 731.73375pt>
File: ../../Screen slide/Screenshot 2023-09-04 alle 15.37.31.png Graphic file (
type png)
<use ../../Screen slide/Screenshot 2023-09-04 alle 15.37.31.png>
Package pdftex.def Info: ../../Screen slide/Screenshot 2023-09-04 alle 15.37.31
.png  used on input line 756.
(pdftex.def)             Requested size: 234.00238pt x 332.52626pt.
 [24 <../../Screen slide/Screenshot 2023-09-04 alle 15.37.31.png>] [25]
<../../Screen slide/Screenshot 2023-09-04 alle 15.52.54.png, id=916, 1040.88875
pt x 604.2575pt>
File: ../../Screen slide/Screenshot 2023-09-04 alle 15.52.54.png Graphic file (
type png)
<use ../../Screen slide/Screenshot 2023-09-04 alle 15.52.54.png>
Package pdftex.def Info: ../../Screen slide/Screenshot 2023-09-04 alle 15.52.54
.png  used on input line 797.
(pdftex.def)             Requested size: 390.0pt x 226.40237pt.

[26 <../../Screen slide/Screenshot 2023-09-04 alle 15.52.54.png>] [27]
Underfull \hbox (badness 10000) in paragraph at lines 832--835

 []


Overfull \hbox (2.22363pt too wide) in paragraph at lines 839--842
\T1/cmr/m/n/12 ta-zio-ne (mne-mo-ni-ca), per esem-pio "160.78.48.141" ^^e8 ugua
-le a "www.unipr.it". 
 []

[28] [29]
Overfull \hbox (23.624pt too wide) in paragraph at lines 886--886
[]\T1/cmtt/m/n/12 int bind (int sockfd, struct sockaddr *my_addr, socklen_t add
rlen);[] 
 []

[30]
<../../Screen slide/Screenshot 2023-09-04 alle 17.41.26.png, id=946, 1032.85875
pt x 185.69376pt>
File: ../../Screen slide/Screenshot 2023-09-04 alle 17.41.26.png Graphic file (
type png)
<use ../../Screen slide/Screenshot 2023-09-04 alle 17.41.26.png>
Package pdftex.def Info: ../../Screen slide/Screenshot 2023-09-04 alle 17.41.26
.png  used on input line 893.
(pdftex.def)             Requested size: 312.00119pt x 56.0939pt.

Overfull \hbox (35.97098pt too wide) in paragraph at lines 907--907
[]\T1/cmtt/m/n/12 ret = setsockopt (sock, SOL\_SOCKET, SO\_REUSEADDR, &on, size
of(on));[] 
 []

[31 <../../Screen slide/Screenshot 2023-09-04 alle 17.41.26.png>]
Overfull \hbox (79.18542pt too wide) in paragraph at lines 942--942
[]\T1/cmtt/m/n/12 int connect(int sockfd, const struct sockaddr *serv_addr, soc
ket_t addrlen);[] 
 []

[32]
Overfull \hbox (53.52663pt too wide) in paragraph at lines 973--974
[][][][][][][][][][][][][][][][][][][][][][][] 
 []


Overfull \hbox (53.52663pt too wide) in paragraph at lines 978--980
[][][][][][][][][][][][][][][][][] 
 []


Overfull \hbox (4.18825pt too wide) in paragraph at lines 981--982
[][][][][][][][][][][][][] 
 []


Overfull \hbox (4.18825pt too wide) in paragraph at lines 982--984
[][][][][][][][][][][][][] 
 []

[33] [34] [35] (document.lof)
\tf@lof=\write5
\openout5 = `document.lof'.

 [36] (document.aux)
Package rerunfilecheck Info: File `document.out' has not changed.
(rerunfilecheck)             Checksum: 9A9654F5BBA4363EBBA0CED27B31C7E4;13084.
 ) 
Here is how much of TeX's memory you used:
 12461 strings out of 476339
 203603 string characters out of 5774840
 1894388 words of memory out of 5000000
 32136 multiletter control sequences out of 15000+600000
 523304 words of font info for 53 fonts, out of 8000000 for 9000
 1141 hyphenation exceptions out of 8191
 75i,7n,76p,444b,1888s stack positions out of 10000i,1000n,20000p,200000b,200000s
 </Users/matteofranchini/Library/Application Support/MiKTeX/texmfs/data/fonts
/pk/ljfour/jknappen/ec/dpi600/ecti1200.pk> </Users/matteofranchini/Library/Appl
ication Support/MiKTeX/texmfs/data/fonts/pk/ljfour/jknappen/ec/dpi600/ectt1200.
pk> </Users/matteofranchini/Library/Application Support/MiKTeX/texmfs/data/font
s/pk/ljfour/jknappen/ec/dpi600/tcrm1200.pk> </Users/matteofranchini/Library/App
lication Support/MiKTeX/texmfs/data/fonts/pk/ljfour/jknappen/ec/dpi600/ecbx1440
.pk> </Users/matteofranchini/Library/Application Support/MiKTeX/texmfs/data/fon
ts/pk/ljfour/jknappen/ec/dpi600/ecbx1200.pk> </Users/matteofranchini/Library/Ap
plication Support/MiKTeX/texmfs/data/fonts/pk/ljfour/jknappen/ec/dpi600/ecbx172
8.pk> </Users/matteofranchini/Library/Application Support/MiKTeX/texmfs/data/fo
nts/pk/ljfour/jknappen/ec/dpi600/ecrm1095.pk> </Users/matteofranchini/Library/A
pplication Support/MiKTeX/texmfs/data/fonts/pk/ljfour/jknappen/ec/dpi600/ecrm12
00.pk> </Users/matteofranchini/Library/Application Support/MiKTeX/texmfs/data/f
onts/pk/ljfour/jknappen/ec/dpi600/ecrm1728.pk> </Users/matteofranchini/Library/
Application Support/MiKTeX/texmfs/data/fonts/pk/ljfour/jknappen/ec/dpi600/ecbx2
074.pk></Users/matteofranchini/Library/Application Support/MiKTeX/texmfs/instal
l/fonts/type1/public/amsfonts/cm/cmr12.pfb></Users/matteofranchini/Library/Appl
ication Support/MiKTeX/texmfs/install/fonts/type1/public/amsfonts/cm/cmsy10.pfb
>
Output written on document.pdf (37 pages, 2124940 bytes).
PDF statistics:
 1600 PDF objects out of 1728 (max. 8388607)
 597 named destinations out of 1000 (max. 500000)
 567 words of extra memory for PDF output out of 10000 (max. 10000000)

