\BOOKMARK [1][-]{section.1}{\376\377\000P\000r\000o\000g\000r\000a\000m\000m\000a\000z\000i\000o\000n\000e\000\040\000d\000i\000\040\000s\000i\000s\000t\000e\000m\000a\000\040\000U\000N\000I\000X}{}% 1
\BOOKMARK [2][-]{subsection.1.1}{\376\377\000A\000r\000g\000o\000m\000e\000n\000t\000i\000\040\000d\000i\000\040\000p\000r\000o\000g\000r\000a\000m\000m\000a}{section.1}% 2
\BOOKMARK [2][-]{subsection.1.2}{\376\377\000C\000o\000m\000p\000i\000l\000a\000z\000i\000o\000n\000e}{section.1}% 3
\BOOKMARK [2][-]{subsection.1.3}{\376\377\000E\000s\000e\000g\000u\000e\000n\000d\000o\000\040\000i\000l\000\040\000p\000r\000o\000g\000r\000a\000m\000m\000a}{section.1}% 4
\BOOKMARK [2][-]{subsection.1.4}{\376\377\000V\000a\000r\000i\000a\000b\000i\000l\000e\000\040\000d\000i\000\040\000a\000m\000b\000i\000e\000n\000t\000e}{section.1}% 5
\BOOKMARK [2][-]{subsection.1.5}{\376\377\000P\000e\000r\000r\000o\000r\000\040\000e\000\040\000S\000t\000r\000e\000e\000r\000r\000o\000r}{section.1}% 6
\BOOKMARK [1][-]{section.2}{\376\377\000O\000p\000e\000r\000a\000z\000i\000o\000n\000i\000\040\000s\000u\000i\000\040\000f\000i\000l\000e}{}% 7
\BOOKMARK [2][-]{subsection.2.1}{\376\377\000A\000p\000e\000r\000t\000u\000r\000a\000\040\000f\000i\000l\000e}{section.2}% 8
\BOOKMARK [2][-]{subsection.2.2}{\376\377\000D\000u\000p\000l\000i\000c\000a\000z\000i\000o\000n\000e\000\040\000f\000i\000l\000e\000\040\000d\000e\000s\000c\000r\000i\000p\000t\000o\000r}{section.2}% 9
\BOOKMARK [2][-]{subsection.2.3}{\376\377\000C\000h\000i\000u\000s\000u\000r\000a\000\040\000d\000i\000\040\000u\000n\000\040\000f\000i\000l\000e\000\040\000d\000e\000s\000c\000r\000i\000p\000t\000o\000r}{section.2}% 10
\BOOKMARK [2][-]{subsection.2.4}{\376\377\000L\000e\000t\000t\000u\000r\000a\000\040\000e\000\040\000s\000c\000r\000i\000t\000t\000u\000r\000a\000\040\000d\000i\000\040\000u\000n\000\040\000f\000i\000l\000e\000\040\000d\000e\000s\000c\000r\000i\000p\000t\000o\000r}{section.2}% 11
\BOOKMARK [2][-]{subsection.2.5}{\376\377\000E\000s\000e\000m\000p\000i\000o\000\040\000d\000i\000\040\000l\000e\000t\000t\000u\000r\000a\000/\000s\000c\000r\000i\000t\000t\000u\000r\000a}{section.2}% 12
\BOOKMARK [2][-]{subsection.2.6}{\376\377\000T\000r\000a\000s\000f\000e\000r\000i\000r\000e\000\040\000d\000a\000t\000i\000\040\000t\000r\000a\000\040\000d\000e\000s\000c\000r\000i\000t\000t\000o\000r\000i}{section.2}% 13
\BOOKMARK [2][-]{subsection.2.7}{\376\377\000C\000o\000p\000i\000a\000\040\000d\000i\000\040\000f\000i\000l\000e\000\040\000c\000o\000n\000\040\000s\000e\000n\000d\000f\000i\000l\000e}{section.2}% 14
\BOOKMARK [2][-]{subsection.2.8}{\376\377\000I\000n\000f\000o\000r\000m\000a\000z\000i\000o\000n\000i\000\040\000s\000u\000\040\000f\000i\000l\000e\000\040\000\050\000o\000r\000d\000i\000n\000a\000r\000i\000,\000\040\000s\000p\000e\000c\000i\000a\000l\000i\000,\000\040\000d\000i\000r\000e\000t\000t\000o\000r\000i\000\051}{section.2}% 15
\BOOKMARK [2][-]{subsection.2.9}{\376\377\000C\000a\000n\000c\000e\000l\000l\000a\000z\000i\000o\000n\000e\000\040\000d\000i\000\040\000f\000i\000l\000e}{section.2}% 16
\BOOKMARK [1][-]{section.3}{\376\377\000P\000r\000i\000m\000i\000t\000i\000v\000e\000\040\000p\000e\000r\000\040\000l\000a\000\040\000g\000e\000s\000t\000i\000o\000n\000e\000\040\000d\000e\000g\000l\000i\000\040\000a\000c\000c\000e\000t\000t\000i}{}% 17
\BOOKMARK [2][-]{subsection.3.1}{\376\377\000C\000r\000e\000a\000z\000i\000o\000n\000e\000\040\000d\000i\000\040\000u\000n\000\040\000n\000u\000o\000v\000o\000\040\000p\000r\000o\000c\000e\000s\000s\000o}{section.3}% 18
\BOOKMARK [2][-]{subsection.3.2}{\376\377\000S\000i\000s\000t\000e\000m\000a\000\040\000d\000i\000\040\000g\000e\000n\000e\000r\000a\000z\000i\000o\000n\000e}{section.3}% 19
\BOOKMARK [2][-]{subsection.3.3}{\376\377\000I\000d\000e\000n\000t\000i\000f\000i\000c\000a\000z\000i\000o\000n\000e\000\040\000d\000e\000i\000\040\000p\000r\000o\000c\000e\000s\000s\000i}{section.3}% 20
\BOOKMARK [2][-]{subsection.3.4}{\376\377\000S\000i\000n\000c\000r\000o\000n\000i\000z\000z\000a\000z\000i\000o\000n\000e\000\040\000t\000r\000a\000\040\000p\000a\000d\000r\000e\000\040\000e\000\040\000f\000i\000g\000l\000i\000o}{section.3}% 21
\BOOKMARK [2][-]{subsection.3.5}{\376\377\000U\000s\000o\000\040\000d\000e\000l\000l\000a\000\040\000w\000a\000i\000t}{section.3}% 22
\BOOKMARK [2][-]{subsection.3.6}{\376\377\000T\000e\000r\000m\000i\000n\000a\000z\000i\000o\000n\000e\000\040\000v\000o\000l\000o\000n\000t\000a\000r\000i\000a\000\040\000d\000i\000\040\000u\000n\000\040\000p\000r\000o\000c\000e\000s\000s\000o}{section.3}% 23
\BOOKMARK [2][-]{subsection.3.7}{\376\377\000E\000s\000e\000c\000u\000z\000i\000o\000n\000e\000\040\000d\000i\000\040\000u\000n\000\040\000p\000r\000o\000g\000r\000a\000m\000m\000a}{section.3}% 24
\BOOKMARK [2][-]{subsection.3.8}{\376\377\000E\000s\000e\000m\000p\000i\000o\000\040\000d\000i\000\040\000u\000s\000o\000\040\000d\000e\000l\000l\000a\000\040\000e\000x\000e\000c\000v\000e}{section.3}% 25
\BOOKMARK [1][-]{section.4}{\376\377\000P\000r\000i\000m\000i\000t\000i\000v\000e\000\040\000p\000e\000r\000\040\000l\000a\000\040\000g\000e\000s\000t\000i\000o\000n\000e\000\040\000d\000e\000i\000\040\000s\000e\000g\000n\000a\000l\000i}{}% 26
\BOOKMARK [2][-]{subsection.4.1}{\376\377\000E\000l\000e\000n\000c\000o\000\040\000d\000e\000i\000\040\000s\000e\000g\000n\000a\000l\000i\000\040\000L\000i\000n\000u\000x}{section.4}% 27
\BOOKMARK [2][-]{subsection.4.2}{\376\377\000I\000n\000t\000e\000r\000f\000a\000c\000c\000i\000a\000\040\000s\000i\000g\000n\000a\000l}{section.4}% 28
\BOOKMARK [2][-]{subsection.4.3}{\376\377\000K\000i\000l\000l}{section.4}% 29
\BOOKMARK [2][-]{subsection.4.4}{\376\377\000I\000n\000v\000i\000o\000\040\000t\000e\000m\000p\000o\000r\000i\000z\000z\000a\000t\000o\000\040\000d\000i\000\040\000s\000e\000g\000n\000a\000l\000i}{section.4}% 30
\BOOKMARK [2][-]{subsection.4.5}{\376\377\000A\000t\000t\000e\000s\000a\000\040\000d\000i\000\040\000u\000n\000\040\000s\000e\000g\000n\000a\000l\000e}{section.4}% 31
\BOOKMARK [2][-]{subsection.4.6}{\376\377\000G\000e\000s\000t\000i\000o\000n\000e\000\040\000a\000f\000f\000i\000d\000a\000b\000i\000l\000e\000\040\000d\000e\000i\000\040\000s\000e\000g\000n\000a\000l\000i}{section.4}% 32
\BOOKMARK [2][-]{subsection.4.7}{\376\377\000S\000i\000g\000n\000a\000l\000\040\000m\000a\000s\000k}{section.4}% 33
\BOOKMARK [2][-]{subsection.4.8}{\376\377\000E\000s\000e\000m\000p\000i\000o\000\040\000d\000i\000\040\000i\000n\000t\000e\000r\000a\000z\000i\000o\000n\000e\000\040\000t\000r\000a\000\040\000p\000r\000o\000c\000e\000s\000s\000i\000\040\000m\000e\000d\000i\000a\000n\000t\000e\000\040\000s\000e\000g\000n\000a\000l\000i\000\040\000a\000f\000f\000i\000d\000a\000b\000i\000l\000i}{section.4}% 34
\BOOKMARK [1][-]{section.5}{\376\377\000P\000r\000i\000m\000i\000t\000i\000v\000e\000\040\000p\000e\000r\000\040\000l\000a\000\040\000g\000e\000s\000t\000i\000o\000n\000e\000\040\000d\000e\000l\000l\000a\000\040\000c\000o\000m\000u\000n\000i\000c\000a\000z\000i\000o\000n\000e\000\040\000v\000i\000a\000\040\000p\000i\000p\000e\000\040\000e\000\040\000F\000I\000F\000O}{}% 35
\BOOKMARK [2][-]{subsection.5.1}{\376\377\000P\000i\000p\000e}{section.5}% 36
\BOOKMARK [2][-]{subsection.5.2}{\376\377\000E\000s\000e\000m\000p\000i\000o\000\040\000d\000i\000\040\000c\000o\000m\000u\000n\000i\000c\000a\000z\000i\000o\000n\000e\000\040\000s\000u\000\040\000p\000i\000p\000e}{section.5}% 37
\BOOKMARK [2][-]{subsection.5.3}{\376\377\000F\000I\000F\000O}{section.5}% 38
\BOOKMARK [1][-]{section.6}{\376\377\000L\000a\000\040\000s\000u\000i\000t\000e\000\040\000d\000i\000\040\000p\000r\000o\000t\000o\000c\000o\000l\000l\000i\000\040\000d\000i\000\040\000r\000e\000t\000e\000\040\000T\000P\000C\000/\000I\000P}{}% 39
\BOOKMARK [2][-]{subsection.6.1}{\376\377\000S\000t\000r\000u\000t\000t\000u\000r\000a\000\040\000a\000\040\000l\000i\000v\000e\000l\000l\000i}{section.6}% 40
\BOOKMARK [3][-]{subsubsection.6.1.1}{\376\377\000L\000i\000v\000e\000l\000l\000o\000\040\0001\000:\000\040\000F\000i\000s\000i\000c\000o}{subsection.6.1}% 41
\BOOKMARK [3][-]{subsubsection.6.1.2}{\376\377\000L\000i\000v\000e\000l\000l\000o\000\040\0002\000:\000\040\000D\000a\000t\000a\000\040\000L\000i\000n\000k}{subsection.6.1}% 42
\BOOKMARK [3][-]{subsubsection.6.1.3}{\376\377\000L\000i\000v\000e\000l\000l\000o\000\040\0003\000:\000\040\000R\000e\000t\000e}{subsection.6.1}% 43
\BOOKMARK [3][-]{subsubsection.6.1.4}{\376\377\000L\000i\000v\000e\000l\000l\000o\000\040\0004\000:\000\040\000T\000r\000a\000s\000p\000o\000r\000t\000o}{subsection.6.1}% 44
\BOOKMARK [3][-]{subsubsection.6.1.5}{\376\377\000L\000i\000v\000e\000l\000l\000o\000\040\0005\000:\000\040\000S\000e\000s\000s\000i\000o\000n\000e}{subsection.6.1}% 45
\BOOKMARK [3][-]{subsubsection.6.1.6}{\376\377\000L\000i\000v\000e\000l\000l\000o\000\040\0006\000:\000\040\000P\000r\000e\000s\000e\000n\000t\000a\000z\000i\000o\000n\000e}{subsection.6.1}% 46
\BOOKMARK [3][-]{subsubsection.6.1.7}{\376\377\000L\000i\000v\000e\000l\000l\000o\000\040\0007\000:\000\040\000A\000p\000p\000l\000i\000c\000a\000z\000i\000o\000n\000e}{subsection.6.1}% 47
\BOOKMARK [1][-]{section.7}{\376\377\000I\000n\000t\000e\000r\000n\000e\000t\000\040\000P\000r\000o\000t\000o\000c\000o\000l\000\040\000\050\000I\000P\000\051}{}% 48
\BOOKMARK [2][-]{subsection.7.1}{\376\377\000C\000o\000n\000f\000i\000g\000u\000r\000a\000z\000i\000o\000n\000e\000\040\000d\000i\000\040\000u\000n\000\040\000n\000o\000d\000o\000\040\000L\000i\000n\000u\000x\000\040\000a\000\040\000r\000i\000g\000a\000\040\000d\000i\000\040\000c\000o\000m\000a\000n\000d\000o}{section.7}% 49
\BOOKMARK [1][-]{section.8}{\376\377\000P\000r\000o\000t\000o\000c\000o\000l\000l\000o\000\040\000I\000C\000M\000P}{}% 50
\BOOKMARK [1][-]{section.9}{\376\377\000A\000d\000d\000r\000e\000s\000s\000\040\000R\000e\000s\000o\000l\000u\000t\000i\000o\000n\000\040\000P\000r\000o\000t\000o\000c\000o\000l\000\040\000\050\000A\000R\000P\000\051}{}% 51
\BOOKMARK [1][-]{section.10}{\376\377\000S\000t\000r\000a\000t\000o\000\040\000d\000i\000\040\000t\000r\000a\000s\000p\000o\000r\000t\000o}{}% 52
\BOOKMARK [1][-]{section.11}{\376\377\000U\000s\000e\000r\000\040\000D\000a\000t\000a\000g\000r\000a\000m\000\040\000P\000r\000o\000t\000o\000c\000o\000l\000\040\000\050\000U\000D\000P\000\051}{}% 53
\BOOKMARK [1][-]{section.12}{\376\377\000T\000r\000a\000n\000s\000m\000i\000s\000s\000i\000o\000n\000\040\000C\000o\000n\000t\000r\000o\000l\000\040\000P\000r\000o\000t\000o\000c\000o\000l\000\040\000\050\000T\000P\000C\000\051}{}% 54
\BOOKMARK [1][-]{section.13}{\376\377\000N\000e\000t\000w\000o\000r\000k\000\040\000A\000d\000r\000e\000s\000s\000\040\000T\000r\000a\000n\000s\000l\000a\000t\000i\000o\000n\000\040\000\050\000N\000A\000T\000\051}{}% 55
\BOOKMARK [1][-]{section.14}{\376\377\000D\000o\000m\000a\000i\000n\000\040\000N\000a\000m\000e\000\040\000S\000y\000s\000t\000e\000m\000\040\000\050\000D\000N\000S\000\051}{}% 56
\BOOKMARK [1][-]{section.15}{\376\377\000P\000r\000i\000m\000i\000t\000i\000v\000e\000\040\000p\000e\000r\000\040\000l\000a\000\040\000g\000e\000s\000t\000i\000o\000n\000e\000\040\000d\000e\000l\000l\000a\000\040\000c\000o\000m\000u\000n\000i\000c\000a\000z\000i\000o\000n\000e\000\040\000v\000i\000a\000\040\000s\000o\000c\000k\000e\000t}{}% 57
\BOOKMARK [2][-]{subsection.15.1}{\376\377\000C\000r\000e\000a\000z\000i\000o\000n\000e\000\040\000d\000e\000l\000l\000a\000\040\000s\000o\000c\000k\000e\000t}{section.15}% 58
\BOOKMARK [2][-]{subsection.15.2}{\376\377\000A\000s\000s\000e\000g\000n\000a\000z\000i\000o\000n\000e\000\040\000n\000o\000m\000e\000\040\000a\000l\000l\000a\000\040\000s\000o\000c\000k\000e\000t}{section.15}% 59
\BOOKMARK [2][-]{subsection.15.3}{\376\377\000S\000t\000r\000u\000t\000t\000u\000r\000e\000\040\000d\000a\000t\000i\000\040\000u\000t\000i\000l\000i\000z\000z\000a\000t\000e\000\040\000d\000a\000\040\000b\000i\000n\000d\000\040\000i\000n\000\040\000A\000F\000\137\000I\000N\000E\000T}{section.15}% 60
\BOOKMARK [2][-]{subsection.15.4}{\376\377\000C\000h\000i\000u\000s\000u\000r\000a\000\040\000d\000i\000\040\000u\000n\000a\000\040\000s\000o\000c\000k\000e\000t}{section.15}% 61
\BOOKMARK [2][-]{subsection.15.5}{\376\377\000C\000r\000e\000a\000z\000i\000o\000n\000e\000\040\000d\000e\000l\000l\000a\000\040\000c\000o\000n\000n\000e\000s\000s\000i\000o\000n\000e}{section.15}% 62
\BOOKMARK [2][-]{subsection.15.6}{\376\377\000C\000o\000n\000n\000e\000c\000t\000,\000\040\000l\000i\000s\000t\000e\000n\000\040\000e\000\040\000a\000c\000c\000e\000p\000t}{section.15}% 63
\BOOKMARK [2][-]{subsection.15.7}{\376\377\000S\000e\000r\000v\000e\000r\000\040\000c\000o\000n\000c\000o\000r\000r\000e\000n\000t\000e}{section.15}% 64
\BOOKMARK [2][-]{subsection.15.8}{\376\377\000D\000a\000t\000a\000g\000r\000a\000m}{section.15}% 65
\BOOKMARK [2][-]{subsection.15.9}{\376\377\000R\000i\000c\000e\000z\000i\000o\000n\000e\000\040\000d\000i\000\040\000u\000n\000\040\000m\000e\000s\000s\000a\000g\000g\000i\000o}{section.15}% 66
\BOOKMARK [1][-]{section.16}{\376\377\000S\000e\000l\000e\000c\000t}{}% 67
